\BOOKMARK [1][-]{section.1}{Introduction}{}% 1
\BOOKMARK [2][-]{subsection.1.1}{Problem Description}{section.1}% 2
\BOOKMARK [2][-]{subsection.1.2}{Classifying Algorithms}{section.1}% 3
\BOOKMARK [2][-]{subsection.1.3}{Result Summary}{section.1}% 4
\BOOKMARK [1][-]{section.2}{Background}{}% 5
\BOOKMARK [1][-]{section.3}{Methodology}{}% 6
\BOOKMARK [2][-]{subsection.3.1}{Support Vector Machine}{section.3}% 7
\BOOKMARK [2][-]{subsection.3.2}{Neural Networks}{section.3}% 8
\BOOKMARK [2][-]{subsection.3.3}{Naive Bayes}{section.3}% 9
\BOOKMARK [1][-]{section.4}{Experiment}{}% 10
\BOOKMARK [2][-]{subsection.4.1}{Datasets}{section.4}% 11
\BOOKMARK [2][-]{subsection.4.2}{Hand-written Digits Classification}{section.4}% 12
\BOOKMARK [3][-]{subsubsection.4.2.1}{Support Vector Machine}{subsection.4.2}% 13
\BOOKMARK [3][-]{subsubsection.4.2.2}{Neural Networks}{subsection.4.2}% 14
\BOOKMARK [3][-]{subsubsection.4.2.3}{Naive Bayes}{subsection.4.2}% 15
\BOOKMARK [2][-]{subsection.4.3}{Letter Recognition}{section.4}% 16
\BOOKMARK [3][-]{subsubsection.4.3.1}{Support Vector Machine}{subsection.4.3}% 17
\BOOKMARK [3][-]{subsubsection.4.3.2}{Neural Networks}{subsection.4.3}% 18
\BOOKMARK [3][-]{subsubsection.4.3.3}{Naive Bayes}{subsection.4.3}% 19
\BOOKMARK [1][-]{section.5}{Discussion}{}% 20
\BOOKMARK [2][-]{subsection.5.1}{Evaluation Matrix}{section.5}% 21
\BOOKMARK [2][-]{subsection.5.2}{Different Kernels of SVM}{section.5}% 22
\BOOKMARK [2][-]{subsection.5.3}{Parameters of Multilayer Perceptron}{section.5}% 23
\BOOKMARK [1][-]{section.6}{Conclusion}{}% 24
